
> my-v0-project@0.1.0 build
> next build

[baseline-browser-mapping] The data in this module is over two months old.  To ensure accurate Baseline data, please update: `npm i baseline-browser-mapping@latest -D`
   ▲ Next.js 16.0.3 (Turbopack)
   - Environments: .env

   Creating an optimized production build ...
[baseline-browser-mapping] The data in this module is over two months old.  To ensure accurate Baseline data, please update: `npm i baseline-browser-mapping@latest -D`
 ✓ Compiled successfully in 13.0s
   Skipping validation of types
   Collecting page data using 1 worker ...
[baseline-browser-mapping] The data in this module is over two months old.  To ensure accurate Baseline data, please update: `npm i baseline-browser-mapping@latest -D`
   Generating static pages using 1 worker (0/17) ...
[baseline-browser-mapping] The data in this module is over two months old.  To ensure accurate Baseline data, please update: `npm i baseline-browser-mapping@latest -D`
   Generating static pages using 1 worker (4/17) 
   Generating static pages using 1 worker (8/17) 
   Generating static pages using 1 worker (12/17) 
 ✓ Generating static pages using 1 worker (17/17) in 697.8ms
   Finalizing page optimization ...

Route (app)
┌ ○ /
├ ○ /_not-found
├ ○ /admin
├ ƒ /api/admin/dashboard
├ ƒ /api/admin/logs
├ ƒ /api/admin/plans
├ ƒ /api/admin/plans/[planId]
├ ƒ /api/admin/users
├ ƒ /api/admin/users/[userId]/credits
├ ƒ /api/admin/verify
├ ƒ /api/auth/callback
├ ƒ /api/auth/validate
├ ƒ /api/chat
├ ƒ /api/chats
├ ƒ /api/chats/[chatId]
├ ƒ /api/chats/save
├ ƒ /api/credits
├ ƒ /api/subscription/upgrade
└ ○ /auth/callback


○  (Static)   prerendered as static content
ƒ  (Dynamic)  server-rendered on demand

