2025-12-28 04:44:31 +00:00: 
2025-12-28 04:44:31 +00:00: > my-v0-project@0.1.0 start
2025-12-28 04:44:31 +00:00: > next start
2025-12-28 04:44:31 +00:00: 
2025-12-28 04:44:32 +00:00:    ▲ Next.js 16.0.3
2025-12-28 04:44:32 +00:00:    - Local:         http://localhost:3000
2025-12-28 04:44:32 +00:00:    - Network:       http://10.0.1.7:3000
2025-12-28 04:44:32 +00:00: 
2025-12-28 04:44:32 +00:00:  ✓ Starting...
2025-12-28 04:44:32 +00:00:  ✓ Ready in 400ms
2025-12-28 04:45:26 +00:00: [Frontend API] Calling backend auth/callback with code
2025-12-28 04:45:27 +00:00: [Frontend API] Auth successful
2025-12-28 04:45:27 +00:00: [Frontend API] Validating token with backend
2025-12-28 04:45:28 +00:00: [Frontend API] Token validated successfully
2025-12-28 04:45:28 +00:00: [Frontend API] Validating token with backend
2025-12-28 04:45:28 +00:00: [Frontend API] Fetching credits from backend...
2025-12-28 04:45:28 +00:00: [Frontend API] Fetching chats from backend...
2025-12-28 04:45:28 +00:00: [Frontend API] Credits fetched successfully: { credits: 27036 }
2025-12-28 04:45:28 +00:00: [Frontend API] Token validated successfully
2025-12-28 04:45:28 +00:00: [Frontend API] Chats fetched successfully
2025-12-28 04:46:07 +00:00: [Frontend API] Validating token with backend
2025-12-28 04:46:23 +00:00: [Frontend API] Calling backend auth/callback with code
2025-12-28 04:46:24 +00:00: [Frontend API] Auth successful
2025-12-28 04:46:24 +00:00: [Frontend API] Validating token with backend
2025-12-28 04:46:24 +00:00: [Frontend API] Token validated successfully
2025-12-28 04:46:25 +00:00: [Frontend API] Fetching chats from backend...
2025-12-28 04:46:25 +00:00: [Frontend API] Validating token with backend
2025-12-28 04:46:25 +00:00: [Frontend API] Fetching credits from backend...
2025-12-28 04:46:25 +00:00: [Frontend API] Credits fetched successfully: { credits: 27036 }
2025-12-28 04:46:25 +00:00: [Frontend API] Chats fetched successfully
2025-12-28 04:46:25 +00:00: [Frontend API] Token validated successfully
2025-12-28 04:47:19 +00:00: [Frontend API] Upgrading subscription...
2025-12-28 04:47:19 +00:00: [Frontend API] Upgrade request body: { planType: 'pro' }
2025-12-28 04:47:19 +00:00: [Frontend API] Upgrade request - User: e468c4f8-e081-70d0-92f4-73cce7d58eb0 Plan: pro
2025-12-28 04:47:19 +00:00: [Frontend API] Adding credits: 1000
2025-12-28 04:47:19 +00:00: [Frontend API] Invoking Lambda with payload: {
2025-12-28 04:47:19 +00:00:   detail: {
2025-12-28 04:47:19 +00:00:     userId: 'e468c4f8-e081-70d0-92f4-73cce7d58eb0',
2025-12-28 04:47:19 +00:00:     creditsToAdd: 1000
2025-12-28 04:47:19 +00:00:   }
2025-12-28 04:47:19 +00:00: }
2025-12-28 04:47:23 +00:00: [Frontend API] Upgrading subscription...
2025-12-28 04:47:23 +00:00: [Frontend API] Upgrade request body: { planType: 'pro' }
2025-12-28 04:47:23 +00:00: [Frontend API] Upgrade request - User: e468c4f8-e081-70d0-92f4-73cce7d58eb0 Plan: pro
2025-12-28 04:47:23 +00:00: [Frontend API] Adding credits: 1000
2025-12-28 04:47:23 +00:00: [Frontend API] Invoking Lambda with payload: {
2025-12-28 04:47:23 +00:00:   detail: {
2025-12-28 04:47:23 +00:00:     userId: 'e468c4f8-e081-70d0-92f4-73cce7d58eb0',
2025-12-28 04:47:23 +00:00:     creditsToAdd: 1000
2025-12-28 04:47:23 +00:00:   }
2025-12-28 04:47:23 +00:00: }
2025-12-28 04:47:27 +00:00: [Frontend API] Validating token with backend
2025-12-28 04:47:28 +00:00: [Frontend API] Token validated successfully
2025-12-28 04:47:28 +00:00: [Frontend API] Fetching chats from backend...
2025-12-28 04:47:28 +00:00: [Frontend API] Validating token with backend
2025-12-28 04:47:28 +00:00: [Frontend API] Fetching credits from backend...
2025-12-28 04:47:28 +00:00: [Frontend API] Credits fetched successfully: { credits: 27036 }
2025-12-28 04:47:28 +00:00: [Frontend API] Token validated successfully
2025-12-28 04:47:28 +00:00: [Frontend API] Chats fetched successfully
2025-12-28 04:47:35 +00:00: [Frontend API] Upgrading subscription...
2025-12-28 04:47:35 +00:00: [Frontend API] Upgrade request body: { planType: 'enterprise' }
2025-12-28 04:47:35 +00:00: [Frontend API] Upgrade request - User: e468c4f8-e081-70d0-92f4-73cce7d58eb0 Plan: enterprise
2025-12-28 04:47:35 +00:00: [Frontend API] Adding credits: 10000
2025-12-28 04:47:35 +00:00: [Frontend API] Invoking Lambda with payload: {
2025-12-28 04:47:35 +00:00:   detail: {
2025-12-28 04:47:35 +00:00:     userId: 'e468c4f8-e081-70d0-92f4-73cce7d58eb0',
2025-12-28 04:47:35 +00:00:     creditsToAdd: 10000
2025-12-28 04:47:35 +00:00:   }
2025-12-28 04:47:35 +00:00: }
2025-12-28 04:49:29 +00:00: [Frontend API] Validating token with backend
2025-12-28 04:49:30 +00:00: [Frontend API] Token validated successfully
2025-12-28 04:49:30 +00:00: [Frontend API] Validating token with backend
2025-12-28 04:49:30 +00:00: [Frontend API] Fetching chats from backend...
2025-12-28 04:49:30 +00:00: [Frontend API] Fetching credits from backend...
2025-12-28 04:49:30 +00:00: [Frontend API] Credits fetched successfully: { credits: 27036 }
2025-12-28 04:49:30 +00:00: [Frontend API] Token validated successfully
2025-12-28 04:49:30 +00:00: [Frontend API] Chats fetched successfully
2025-12-28 04:49:33 +00:00: [Frontend API] Upgrading subscription...
2025-12-28 04:49:33 +00:00: [Frontend API] Upgrade request body: { planType: 'pro' }
2025-12-28 04:49:33 +00:00: [Frontend API] Upgrade request - User: e468c4f8-e081-70d0-92f4-73cce7d58eb0 Plan: pro
2025-12-28 04:49:33 +00:00: [Frontend API] Adding credits: 1000
2025-12-28 04:49:33 +00:00: [Frontend API] Invoking Lambda with payload: {
2025-12-28 04:49:33 +00:00:   detail: {
2025-12-28 04:49:33 +00:00:     userId: 'e468c4f8-e081-70d0-92f4-73cce7d58eb0',
2025-12-28 04:49:33 +00:00:     creditsToAdd: 1000
2025-12-28 04:49:33 +00:00:   }
2025-12-28 04:49:33 +00:00: }
2025-12-28 04:49:44 +00:00: [Frontend API] Fetching chat undefined from backend...
2025-12-28 04:49:46 +00:00: [Frontend API] Validating token with backend
2025-12-28 04:49:46 +00:00: [Frontend API] Token validated successfully
2025-12-28 04:49:46 +00:00: [Frontend API] Fetching credits from backend...
2025-12-28 04:49:46 +00:00: [Frontend API] Validating token with backend
2025-12-28 04:49:46 +00:00: [Frontend API] Credits fetched successfully: { credits: 27036 }
2025-12-28 04:49:46 +00:00: [Frontend API] Fetching chats from backend...
2025-12-28 04:49:46 +00:00: [Frontend API] Chats fetched successfully
2025-12-28 04:49:46 +00:00: [Frontend API] Token validated successfully
2025-12-28 04:49:53 +00:00: [Frontend API] Upgrading subscription...
2025-12-28 04:49:53 +00:00: [Frontend API] Upgrade request body: { planType: 'pro' }
2025-12-28 04:49:53 +00:00: [Frontend API] Upgrade request - User: e468c4f8-e081-70d0-92f4-73cce7d58eb0 Plan: pro
2025-12-28 04:49:53 +00:00: [Frontend API] Adding credits: 1000
2025-12-28 04:49:53 +00:00: [Frontend API] Invoking Lambda with payload: {
2025-12-28 04:49:53 +00:00:   detail: {
2025-12-28 04:49:53 +00:00:     userId: 'e468c4f8-e081-70d0-92f4-73cce7d58eb0',
2025-12-28 04:49:53 +00:00:     creditsToAdd: 1000
2025-12-28 04:49:53 +00:00:   }
2025-12-28 04:49:53 +00:00: }
2025-12-28 04:50:49 +00:00: [Frontend API] Sending chat request to backend...
2025-12-28 04:50:57 +00:00: [Frontend API] Fetching credits from backend...
2025-12-28 04:50:57 +00:00: [Frontend API] Credits fetched successfully: { credits: 27035 }
2025-12-28 04:50:57 +00:00: [Frontend API] Saving chat to backend...
2025-12-28 04:50:57 +00:00: [Frontend API] Chat saved successfully
2025-12-28 15:47:56 +00:00: [Frontend API] Calling backend auth/callback with code
2025-12-28 15:47:56 +00:00: [Frontend API] Auth successful
2025-12-28 15:47:57 +00:00: [Frontend API] Validating token with backend
2025-12-28 15:47:57 +00:00: [Frontend API] Token validated successfully
2025-12-28 15:47:57 +00:00: [Frontend API] Validating token with backend
2025-12-28 15:47:57 +00:00: [Frontend API] Fetching credits from backend...
2025-12-28 15:47:57 +00:00: [Frontend API] Fetching chats from backend...
2025-12-28 15:47:58 +00:00: [Frontend API] Credits fetched successfully: { credits: 27035 }
2025-12-28 15:47:58 +00:00: [Frontend API] Token validated successfully
2025-12-28 15:47:58 +00:00: [Frontend API] Chats fetched successfully
2025-12-28 15:48:02 +00:00: [Frontend API] Upgrading subscription...
2025-12-28 15:48:02 +00:00: [Frontend API] Upgrade request body: { planType: 'pro' }
2025-12-28 15:48:02 +00:00: [Frontend API] Upgrade request - User: e468c4f8-e081-70d0-92f4-73cce7d58eb0 Plan: pro
2025-12-28 15:48:02 +00:00: [Frontend API] Adding credits: 1000
2025-12-28 15:48:02 +00:00: [Frontend API] Invoking Lambda with payload: {
2025-12-28 15:48:02 +00:00:   detail: {
2025-12-28 15:48:02 +00:00:     userId: 'e468c4f8-e081-70d0-92f4-73cce7d58eb0',
2025-12-28 15:48:02 +00:00:     creditsToAdd: 1000
2025-12-28 15:48:02 +00:00:   }
2025-12-28 15:48:02 +00:00: }
2025-12-28 15:48:03 +00:00: [Frontend API] Lambda response: {
2025-12-28 15:48:03 +00:00:   statusCode: 200,
2025-12-28 15:48:03 +00:00:   body: '{"message":"Créditos actualizados","credits":28035}'
2025-12-28 15:48:03 +00:00: }
2025-12-28 15:48:10 +00:00: [Frontend API] Validating token with backend
2025-12-28 15:48:11 +00:00: [Frontend API] Token validated successfully
2025-12-28 15:48:11 +00:00: [Frontend API] Fetching chats from backend...
2025-12-28 15:48:11 +00:00: [Frontend API] Validating token with backend
2025-12-28 15:48:11 +00:00: [Frontend API] Fetching credits from backend...
2025-12-28 15:48:11 +00:00: [Frontend API] Credits fetched successfully: { credits: 28035 }
2025-12-28 15:48:11 +00:00: [Frontend API] Token validated successfully
2025-12-28 15:48:11 +00:00: [Frontend API] Chats fetched successfully
2025-12-28 15:48:17 +00:00: [Frontend API] Upgrading subscription...
2025-12-28 15:48:17 +00:00: [Frontend API] Upgrade request body: { planType: 'enterprise' }
2025-12-28 15:48:17 +00:00: [Frontend API] Upgrade request - User: e468c4f8-e081-70d0-92f4-73cce7d58eb0 Plan: enterprise
2025-12-28 15:48:17 +00:00: [Frontend API] Adding credits: 10000
2025-12-28 15:48:17 +00:00: [Frontend API] Invoking Lambda with payload: {
2025-12-28 15:48:17 +00:00:   detail: {
2025-12-28 15:48:17 +00:00:     userId: 'e468c4f8-e081-70d0-92f4-73cce7d58eb0',
2025-12-28 15:48:17 +00:00:     creditsToAdd: 10000
2025-12-28 15:48:17 +00:00:   }
2025-12-28 15:48:17 +00:00: }
2025-12-28 15:48:17 +00:00: [Frontend API] Lambda response: {
2025-12-28 15:48:17 +00:00:   statusCode: 200,
2025-12-28 15:48:17 +00:00:   body: '{"message":"Créditos actualizados","credits":38035}'
2025-12-28 15:48:17 +00:00: }
2025-12-28 15:48:20 +00:00: [Frontend API] Validating token with backend
2025-12-28 15:48:20 +00:00: [Frontend API] Token validated successfully
2025-12-28 15:48:20 +00:00: [Frontend API] Validating token with backend
2025-12-28 15:48:21 +00:00: [Frontend API] Fetching chats from backend...
2025-12-28 15:48:21 +00:00: [Frontend API] Fetching credits from backend...
2025-12-28 15:48:21 +00:00: [Frontend API] Credits fetched successfully: { credits: 38035 }
2025-12-28 15:48:21 +00:00: [Frontend API] Token validated successfully
2025-12-28 15:48:21 +00:00: [Frontend API] Chats fetched successfully
2025-12-28 22:41:45 +00:00: [Frontend API] Validating token with backend
2025-12-28 22:42:01 +00:00: [Frontend API] Calling backend auth/callback with code
2025-12-28 22:42:01 +00:00: [Frontend API] Auth successful
2025-12-28 22:42:01 +00:00: [Frontend API] Validating token with backend
2025-12-28 22:42:01 +00:00: [Frontend API] Token validated successfully
2025-12-28 22:42:02 +00:00: [Frontend API] Validating token with backend
2025-12-28 22:42:02 +00:00: [Frontend API] Fetching chats from backend...
2025-12-28 22:42:02 +00:00: [Frontend API] Fetching credits from backend...
2025-12-28 22:42:02 +00:00: [Frontend API] Token validated successfully
2025-12-28 22:42:02 +00:00: [Frontend API] Credits fetched successfully: { credits: 38035 }
2025-12-28 22:42:02 +00:00: [Frontend API] Chats fetched successfully
2025-12-28 22:42:08 +00:00: [Frontend API] Upgrading subscription...
2025-12-28 22:42:08 +00:00: [Frontend API] Upgrade request body: { planType: 'pro' }
2025-12-28 22:42:08 +00:00: [Frontend API] Upgrade request - User: e468c4f8-e081-70d0-92f4-73cce7d58eb0 Plan: pro
2025-12-28 22:42:08 +00:00: [Frontend API] Adding credits: 1000
2025-12-28 22:42:08 +00:00: [Frontend API] Invoking Lambda with payload: {
2025-12-28 22:42:08 +00:00:   detail: {
2025-12-28 22:42:08 +00:00:     userId: 'e468c4f8-e081-70d0-92f4-73cce7d58eb0',
2025-12-28 22:42:08 +00:00:     creditsToAdd: 1000
2025-12-28 22:42:08 +00:00:   }
2025-12-28 22:42:08 +00:00: }
2025-12-28 22:42:09 +00:00: [Frontend API] Lambda response: {
2025-12-28 22:42:09 +00:00:   statusCode: 200,
2025-12-28 22:42:09 +00:00:   body: '{"message":"Créditos actualizados","credits":39035}'
2025-12-28 22:42:09 +00:00: }
2025-12-28 22:42:12 +00:00: [Frontend API] Validating token with backend
2025-12-28 22:42:13 +00:00: [Frontend API] Token validated successfully
2025-12-28 22:42:13 +00:00: [Frontend API] Fetching chats from backend...
2025-12-28 22:42:13 +00:00: [Frontend API] Validating token with backend
2025-12-28 22:42:13 +00:00: [Frontend API] Fetching credits from backend...
2025-12-28 22:42:13 +00:00: [Frontend API] Credits fetched successfully: { credits: 39035 }
2025-12-28 22:42:13 +00:00: [Frontend API] Token validated successfully
2025-12-28 22:42:13 +00:00: [Frontend API] Chats fetched successfully
2025-12-29 00:00:22 +00:00: [Frontend API] Validating token with backend
2025-12-29 00:01:06 +00:00: [Frontend API] Validating token with backend
2025-12-29 00:02:00 +00:00: [Frontend API] Calling backend auth/callback with code
2025-12-29 00:02:07 +00:00: [Frontend API] Auth successful
2025-12-29 00:03:33 +00:00: [Frontend API] Validating token with backend
2025-12-29 00:05:21 +00:00: [Frontend API] Token validated successfully
2025-12-29 03:08:38 +00:00: [Frontend API] Calling backend auth/callback with code
2025-12-29 03:08:42 +00:00: [Frontend API] Validating token with backend
2025-12-29 03:08:58 +00:00: [Frontend API] Calling backend auth/callback with code
2025-12-29 03:08:58 +00:00: [Frontend API] Auth successful
2025-12-29 03:08:59 +00:00: [Frontend API] Validating token with backend
2025-12-29 03:08:59 +00:00: [Frontend API] Token validated successfully
2025-12-29 03:08:59 +00:00: [Frontend API] Fetching credits from backend...
2025-12-29 03:08:59 +00:00: [Frontend API] Validating token with backend
2025-12-29 03:08:59 +00:00: [Frontend API] Fetching chats from backend...
2025-12-29 03:08:59 +00:00: [Frontend API] Credits fetched successfully: { credits: 39035 }
2025-12-29 03:08:59 +00:00: [Frontend API] Token validated successfully
2025-12-29 03:09:00 +00:00: [Frontend API] Chats fetched successfully
2025-12-29 03:16:41 +00:00: [Frontend API] Validating token with backend
2025-12-29 03:16:44 +00:00: [Frontend API] Token validated successfully
2025-12-29 03:16:44 +00:00: [Frontend API] Fetching chats from backend...
2025-12-29 03:16:44 +00:00: [Frontend API] Validating token with backend
2025-12-29 03:16:44 +00:00: [Frontend API] Fetching credits from backend...
2025-12-29 03:16:44 +00:00: [Frontend API] Credits fetched successfully: { credits: 39035 }
2025-12-29 03:16:44 +00:00: [Frontend API] Token validated successfully
2025-12-29 03:16:45 +00:00: [Frontend API] Chats fetched successfully
2025-12-29 03:16:45 +00:00: 
2025-12-29 03:16:45 +00:00: > my-v0-project@0.1.0 start
2025-12-29 03:16:45 +00:00: > next start
2025-12-29 03:16:45 +00:00: 
2025-12-29 03:16:46 +00:00:    ▲ Next.js 16.0.3
2025-12-29 03:16:46 +00:00:    - Local:         http://localhost:3000
2025-12-29 03:16:46 +00:00:    - Network:       http://10.0.1.7:3000
2025-12-29 03:16:46 +00:00: 
2025-12-29 03:16:46 +00:00:  ✓ Starting...
2025-12-29 03:16:46 +00:00: 
2025-12-29 03:16:46 +00:00: > my-v0-project@0.1.0 start
2025-12-29 03:16:46 +00:00: > next start
2025-12-29 03:16:46 +00:00: 
2025-12-29 03:16:46 +00:00:    ▲ Next.js 16.0.3
2025-12-29 03:16:46 +00:00:    - Local:         http://localhost:3000
2025-12-29 03:16:46 +00:00:    - Network:       http://10.0.1.7:3000
2025-12-29 03:16:46 +00:00: 
2025-12-29 03:16:46 +00:00:  ✓ Starting...
2025-12-29 03:16:47 +00:00: 
2025-12-29 03:16:47 +00:00: > my-v0-project@0.1.0 start
2025-12-29 03:16:47 +00:00: > next start
2025-12-29 03:16:47 +00:00: 
2025-12-29 03:16:47 +00:00:    ▲ Next.js 16.0.3
2025-12-29 03:16:47 +00:00:    - Local:         http://localhost:3000
2025-12-29 03:16:47 +00:00:    - Network:       http://10.0.1.7:3000
2025-12-29 03:16:47 +00:00: 
2025-12-29 03:16:47 +00:00:  ✓ Starting...
2025-12-29 03:16:47 +00:00: 
2025-12-29 03:16:47 +00:00: > my-v0-project@0.1.0 start
2025-12-29 03:16:47 +00:00: > next start
2025-12-29 03:16:47 +00:00: 
2025-12-29 03:16:48 +00:00:    ▲ Next.js 16.0.3
2025-12-29 03:16:48 +00:00:    - Local:         http://localhost:3000
2025-12-29 03:16:48 +00:00:    - Network:       http://10.0.1.7:3000
2025-12-29 03:16:48 +00:00: 
2025-12-29 03:16:48 +00:00:  ✓ Starting...
2025-12-29 03:16:48 +00:00: 
2025-12-29 03:16:48 +00:00: > my-v0-project@0.1.0 start
2025-12-29 03:16:48 +00:00: > next start
2025-12-29 03:16:48 +00:00: 
2025-12-29 03:16:48 +00:00:    ▲ Next.js 16.0.3
2025-12-29 03:16:48 +00:00:    - Local:         http://localhost:3000
2025-12-29 03:16:48 +00:00:    - Network:       http://10.0.1.7:3000
2025-12-29 03:16:48 +00:00: 
2025-12-29 03:16:48 +00:00:  ✓ Starting...
2025-12-29 03:16:48 +00:00: 
2025-12-29 03:16:48 +00:00: > my-v0-project@0.1.0 start
2025-12-29 03:16:48 +00:00: > next start
2025-12-29 03:16:48 +00:00: 
2025-12-29 03:16:49 +00:00:    ▲ Next.js 16.0.3
2025-12-29 03:16:49 +00:00:    - Local:         http://localhost:3000
2025-12-29 03:16:49 +00:00:    - Network:       http://10.0.1.7:3000
2025-12-29 03:16:49 +00:00: 
2025-12-29 03:16:49 +00:00:  ✓ Starting...
2025-12-29 03:16:49 +00:00: 
2025-12-29 03:16:49 +00:00: > my-v0-project@0.1.0 start
2025-12-29 03:16:49 +00:00: > next start
2025-12-29 03:16:49 +00:00: 
2025-12-29 03:16:49 +00:00:    ▲ Next.js 16.0.3
2025-12-29 03:16:49 +00:00:    - Local:         http://localhost:3000
2025-12-29 03:16:49 +00:00:    - Network:       http://10.0.1.7:3000
2025-12-29 03:16:49 +00:00: 
2025-12-29 03:16:49 +00:00:  ✓ Starting...
2025-12-29 03:16:49 +00:00: 
2025-12-29 03:16:49 +00:00: > my-v0-project@0.1.0 start
2025-12-29 03:16:49 +00:00: > next start
2025-12-29 03:16:49 +00:00: 
2025-12-29 03:16:50 +00:00:    ▲ Next.js 16.0.3
2025-12-29 03:16:50 +00:00:    - Local:         http://localhost:3000
2025-12-29 03:16:50 +00:00:    - Network:       http://10.0.1.7:3000
2025-12-29 03:16:50 +00:00: 
2025-12-29 03:16:50 +00:00:  ✓ Starting...
2025-12-29 03:16:50 +00:00: 
2025-12-29 03:16:50 +00:00: > my-v0-project@0.1.0 start
2025-12-29 03:16:50 +00:00: > next start
2025-12-29 03:16:50 +00:00: 
2025-12-29 03:16:50 +00:00:    ▲ Next.js 16.0.3
2025-12-29 03:16:50 +00:00:    - Local:         http://localhost:3000
2025-12-29 03:16:50 +00:00:    - Network:       http://10.0.1.7:3000
2025-12-29 03:16:50 +00:00: 
2025-12-29 03:16:50 +00:00:  ✓ Starting...
2025-12-29 03:16:51 +00:00: 
2025-12-29 03:16:51 +00:00: > my-v0-project@0.1.0 start
2025-12-29 03:16:51 +00:00: > next start
2025-12-29 03:16:51 +00:00: 
2025-12-29 03:16:51 +00:00:    ▲ Next.js 16.0.3
2025-12-29 03:16:51 +00:00:    - Local:         http://localhost:3000
2025-12-29 03:16:51 +00:00:    - Network:       http://10.0.1.7:3000
2025-12-29 03:16:51 +00:00: 
2025-12-29 03:16:51 +00:00:  ✓ Starting...
2025-12-29 03:16:51 +00:00: 
2025-12-29 03:16:51 +00:00: > my-v0-project@0.1.0 start
2025-12-29 03:16:51 +00:00: > next start
2025-12-29 03:16:51 +00:00: 
2025-12-29 03:16:51 +00:00:    ▲ Next.js 16.0.3
2025-12-29 03:16:51 +00:00:    - Local:         http://localhost:3000
2025-12-29 03:16:51 +00:00:    - Network:       http://10.0.1.7:3000
2025-12-29 03:16:51 +00:00: 
2025-12-29 03:16:51 +00:00:  ✓ Starting...
2025-12-29 03:16:52 +00:00: 
2025-12-29 03:16:52 +00:00: > my-v0-project@0.1.0 start
2025-12-29 03:16:52 +00:00: > next start
2025-12-29 03:16:52 +00:00: 
2025-12-29 03:16:52 +00:00:    ▲ Next.js 16.0.3
2025-12-29 03:16:52 +00:00:    - Local:         http://localhost:3000
2025-12-29 03:16:52 +00:00:    - Network:       http://10.0.1.7:3000
2025-12-29 03:16:52 +00:00: 
2025-12-29 03:16:52 +00:00:  ✓ Starting...
2025-12-29 03:16:52 +00:00: 
2025-12-29 03:16:52 +00:00: > my-v0-project@0.1.0 start
2025-12-29 03:16:52 +00:00: > next start
2025-12-29 03:16:52 +00:00: 
2025-12-29 03:16:53 +00:00:    ▲ Next.js 16.0.3
2025-12-29 03:16:53 +00:00:    - Local:         http://localhost:3000
2025-12-29 03:16:53 +00:00:    - Network:       http://10.0.1.7:3000
2025-12-29 03:16:53 +00:00: 
2025-12-29 03:16:53 +00:00:  ✓ Starting...
2025-12-29 03:16:53 +00:00: 
2025-12-29 03:16:53 +00:00: > my-v0-project@0.1.0 start
2025-12-29 03:16:53 +00:00: > next start
2025-12-29 03:16:53 +00:00: 
2025-12-29 03:16:53 +00:00:    ▲ Next.js 16.0.3
2025-12-29 03:16:53 +00:00:    - Local:         http://localhost:3000
2025-12-29 03:16:53 +00:00:    - Network:       http://10.0.1.7:3000
2025-12-29 03:16:53 +00:00: 
2025-12-29 03:16:53 +00:00:  ✓ Starting...
2025-12-29 03:16:53 +00:00: 
2025-12-29 03:16:53 +00:00: > my-v0-project@0.1.0 start
2025-12-29 03:16:53 +00:00: > next start
2025-12-29 03:16:53 +00:00: 
2025-12-29 03:16:54 +00:00:    ▲ Next.js 16.0.3
2025-12-29 03:16:54 +00:00:    - Local:         http://localhost:3000
2025-12-29 03:16:54 +00:00:    - Network:       http://10.0.1.7:3000
2025-12-29 03:16:54 +00:00: 
2025-12-29 03:16:54 +00:00:  ✓ Starting...
2025-12-29 03:16:54 +00:00: 
2025-12-29 03:16:54 +00:00: > my-v0-project@0.1.0 start
2025-12-29 03:16:54 +00:00: > next start
2025-12-29 03:16:54 +00:00: 
2025-12-29 03:16:54 +00:00:    ▲ Next.js 16.0.3
2025-12-29 03:16:54 +00:00:    - Local:         http://localhost:3000
2025-12-29 03:16:54 +00:00:    - Network:       http://10.0.1.7:3000
2025-12-29 03:16:54 +00:00: 
2025-12-29 03:16:54 +00:00:  ✓ Starting...
2025-12-29 03:16:54 +00:00: 
2025-12-29 03:16:54 +00:00: > my-v0-project@0.1.0 start
2025-12-29 03:16:54 +00:00: > next start
2025-12-29 03:16:54 +00:00: 
2025-12-29 03:16:55 +00:00:    ▲ Next.js 16.0.3
2025-12-29 03:16:55 +00:00:    - Local:         http://localhost:3000
2025-12-29 03:16:55 +00:00:    - Network:       http://10.0.1.7:3000
2025-12-29 03:16:55 +00:00: 
2025-12-29 03:16:55 +00:00:  ✓ Starting...
2025-12-29 03:17:59 +00:00: 
2025-12-29 03:17:59 +00:00: > my-v0-project@0.1.0 start
2025-12-29 03:17:59 +00:00: > next start
2025-12-29 03:17:59 +00:00: 
2025-12-29 03:17:59 +00:00:    ▲ Next.js 16.0.3
2025-12-29 03:17:59 +00:00:    - Local:         http://localhost:3000
2025-12-29 03:17:59 +00:00:    - Network:       http://10.0.1.7:3000
2025-12-29 03:17:59 +00:00: 
2025-12-29 03:17:59 +00:00:  ✓ Starting...
2025-12-29 03:18:00 +00:00:  ✓ Ready in 764ms
2025-12-29 03:18:57 +00:00: [Frontend API] Validating token with backend
2025-12-29 03:18:58 +00:00: [Frontend API] Token validated successfully
2025-12-29 03:18:58 +00:00: [Frontend API] Validating token with backend
2025-12-29 03:18:58 +00:00: [Frontend API] Fetching credits from backend...
2025-12-29 03:18:58 +00:00: [Frontend API] Fetching chats from backend...
2025-12-29 03:18:58 +00:00: [Frontend API] Credits fetched successfully: { credits: 39035 }
2025-12-29 03:18:58 +00:00: [Frontend API] Token validated successfully
2025-12-29 03:18:58 +00:00: [Frontend API] Chats fetched successfully
2025-12-29 03:19:00 +00:00: [Frontend API] Calling backend auth/callback with code
2025-12-29 03:19:02 +00:00: [Frontend API] Validating token with backend
2025-12-29 03:19:02 +00:00: [Frontend API] Token validated successfully
2025-12-29 03:19:02 +00:00: [Frontend API] Validating token with backend
2025-12-29 03:19:02 +00:00: [Frontend API] Fetching credits from backend...
2025-12-29 03:19:02 +00:00: [Frontend API] Fetching chats from backend...
2025-12-29 03:19:02 +00:00: [Frontend API] Credits fetched successfully: { credits: 39035 }
2025-12-29 03:19:02 +00:00: [Frontend API] Token validated successfully
2025-12-29 03:19:02 +00:00: [Frontend API] Chats fetched successfully
2025-12-29 03:40:03 +00:00: 
2025-12-29 03:40:03 +00:00: > my-v0-project@0.1.0 start
2025-12-29 03:40:03 +00:00: > next start
2025-12-29 03:40:03 +00:00: 
2025-12-29 03:40:04 +00:00:    ▲ Next.js 16.0.3
2025-12-29 03:40:04 +00:00:    - Local:         http://localhost:3000
2025-12-29 03:40:04 +00:00:    - Network:       http://10.0.1.7:3000
2025-12-29 03:40:04 +00:00: 
2025-12-29 03:40:04 +00:00:  ✓ Starting...
2025-12-29 03:40:04 +00:00: 
2025-12-29 03:40:04 +00:00: > my-v0-project@0.1.0 start
2025-12-29 03:40:04 +00:00: > next start
2025-12-29 03:40:04 +00:00: 
2025-12-29 03:40:04 +00:00:    ▲ Next.js 16.0.3
2025-12-29 03:40:04 +00:00:    - Local:         http://localhost:3000
2025-12-29 03:40:04 +00:00:    - Network:       http://10.0.1.7:3000
2025-12-29 03:40:04 +00:00: 
2025-12-29 03:40:04 +00:00:  ✓ Starting...
2025-12-29 03:40:05 +00:00: 
2025-12-29 03:40:05 +00:00: > my-v0-project@0.1.0 start
2025-12-29 03:40:05 +00:00: > next start
2025-12-29 03:40:05 +00:00: 
2025-12-29 03:40:05 +00:00:    ▲ Next.js 16.0.3
2025-12-29 03:40:05 +00:00:    - Local:         http://localhost:3000
2025-12-29 03:40:05 +00:00:    - Network:       http://10.0.1.7:3000
2025-12-29 03:40:05 +00:00: 
2025-12-29 03:40:05 +00:00:  ✓ Starting...
2025-12-29 03:40:05 +00:00: 
2025-12-29 03:40:05 +00:00: > my-v0-project@0.1.0 start
2025-12-29 03:40:05 +00:00: > next start
2025-12-29 03:40:05 +00:00: 
2025-12-29 03:40:05 +00:00:    ▲ Next.js 16.0.3
2025-12-29 03:40:05 +00:00:    - Local:         http://localhost:3000
2025-12-29 03:40:05 +00:00:    - Network:       http://10.0.1.7:3000
2025-12-29 03:40:05 +00:00: 
2025-12-29 03:40:05 +00:00:  ✓ Starting...
2025-12-29 03:40:06 +00:00: 
2025-12-29 03:40:06 +00:00: > my-v0-project@0.1.0 start
2025-12-29 03:40:06 +00:00: > next start
2025-12-29 03:40:06 +00:00: 
2025-12-29 03:40:06 +00:00:    ▲ Next.js 16.0.3
2025-12-29 03:40:06 +00:00:    - Local:         http://localhost:3000
2025-12-29 03:40:06 +00:00:    - Network:       http://10.0.1.7:3000
2025-12-29 03:40:06 +00:00: 
2025-12-29 03:40:06 +00:00:  ✓ Starting...
2025-12-29 03:40:06 +00:00: 
2025-12-29 03:40:06 +00:00: > my-v0-project@0.1.0 start
2025-12-29 03:40:06 +00:00: > next start
2025-12-29 03:40:06 +00:00: 
2025-12-29 03:40:07 +00:00:    ▲ Next.js 16.0.3
2025-12-29 03:40:07 +00:00:    - Local:         http://localhost:3000
2025-12-29 03:40:07 +00:00:    - Network:       http://10.0.1.7:3000
2025-12-29 03:40:07 +00:00: 
2025-12-29 03:40:07 +00:00:  ✓ Starting...
2025-12-29 03:40:07 +00:00: 
2025-12-29 03:40:07 +00:00: > my-v0-project@0.1.0 start
2025-12-29 03:40:07 +00:00: > next start
2025-12-29 03:40:07 +00:00: 
2025-12-29 03:40:07 +00:00:    ▲ Next.js 16.0.3
2025-12-29 03:40:07 +00:00:    - Local:         http://localhost:3000
2025-12-29 03:40:07 +00:00:    - Network:       http://10.0.1.7:3000
2025-12-29 03:40:07 +00:00: 
2025-12-29 03:40:07 +00:00:  ✓ Starting...
2025-12-29 03:40:07 +00:00: 
2025-12-29 03:40:07 +00:00: > my-v0-project@0.1.0 start
2025-12-29 03:40:07 +00:00: > next start
2025-12-29 03:40:07 +00:00: 
2025-12-29 03:40:08 +00:00:    ▲ Next.js 16.0.3
2025-12-29 03:40:08 +00:00:    - Local:         http://localhost:3000
2025-12-29 03:40:08 +00:00:    - Network:       http://10.0.1.7:3000
2025-12-29 03:40:08 +00:00: 
2025-12-29 03:40:08 +00:00:  ✓ Starting...
2025-12-29 03:40:08 +00:00: 
2025-12-29 03:40:08 +00:00: > my-v0-project@0.1.0 start
2025-12-29 03:40:08 +00:00: > next start
2025-12-29 03:40:08 +00:00: 
2025-12-29 03:40:08 +00:00:    ▲ Next.js 16.0.3
2025-12-29 03:40:08 +00:00:    - Local:         http://localhost:3000
2025-12-29 03:40:08 +00:00:    - Network:       http://10.0.1.7:3000
2025-12-29 03:40:08 +00:00: 
2025-12-29 03:40:08 +00:00:  ✓ Starting...
2025-12-29 03:40:08 +00:00: 
2025-12-29 03:40:08 +00:00: > my-v0-project@0.1.0 start
2025-12-29 03:40:08 +00:00: > next start
2025-12-29 03:40:08 +00:00: 
2025-12-29 03:40:09 +00:00:    ▲ Next.js 16.0.3
2025-12-29 03:40:09 +00:00:    - Local:         http://localhost:3000
2025-12-29 03:40:09 +00:00:    - Network:       http://10.0.1.7:3000
2025-12-29 03:40:09 +00:00: 
2025-12-29 03:40:09 +00:00:  ✓ Starting...
2025-12-29 03:40:09 +00:00: 
2025-12-29 03:40:09 +00:00: > my-v0-project@0.1.0 start
2025-12-29 03:40:09 +00:00: > next start
2025-12-29 03:40:09 +00:00: 
2025-12-29 03:40:09 +00:00:    ▲ Next.js 16.0.3
2025-12-29 03:40:09 +00:00:    - Local:         http://localhost:3000
2025-12-29 03:40:09 +00:00:    - Network:       http://10.0.1.7:3000
2025-12-29 03:40:09 +00:00: 
2025-12-29 03:40:09 +00:00:  ✓ Starting...
2025-12-29 03:40:10 +00:00: 
2025-12-29 03:40:10 +00:00: > my-v0-project@0.1.0 start
2025-12-29 03:40:10 +00:00: > next start
2025-12-29 03:40:10 +00:00: 
2025-12-29 03:40:10 +00:00:    ▲ Next.js 16.0.3
2025-12-29 03:40:10 +00:00:    - Local:         http://localhost:3000
2025-12-29 03:40:10 +00:00:    - Network:       http://10.0.1.7:3000
2025-12-29 03:40:10 +00:00: 
2025-12-29 03:40:10 +00:00:  ✓ Starting...
2025-12-29 03:40:10 +00:00: 
2025-12-29 03:40:10 +00:00: > my-v0-project@0.1.0 start
2025-12-29 03:40:10 +00:00: > next start
2025-12-29 03:40:10 +00:00: 
2025-12-29 03:40:11 +00:00:    ▲ Next.js 16.0.3
2025-12-29 03:40:11 +00:00:    - Local:         http://localhost:3000
2025-12-29 03:40:11 +00:00:    - Network:       http://10.0.1.7:3000
2025-12-29 03:40:11 +00:00: 
2025-12-29 03:40:11 +00:00:  ✓ Starting...
2025-12-29 03:40:11 +00:00: 
2025-12-29 03:40:11 +00:00: > my-v0-project@0.1.0 start
2025-12-29 03:40:11 +00:00: > next start
2025-12-29 03:40:11 +00:00: 
2025-12-29 03:40:11 +00:00:    ▲ Next.js 16.0.3
2025-12-29 03:40:11 +00:00:    - Local:         http://localhost:3000
2025-12-29 03:40:11 +00:00:    - Network:       http://10.0.1.7:3000
2025-12-29 03:40:11 +00:00: 
2025-12-29 03:40:11 +00:00:  ✓ Starting...
2025-12-29 03:40:11 +00:00: 
2025-12-29 03:40:11 +00:00: > my-v0-project@0.1.0 start
2025-12-29 03:40:11 +00:00: > next start
2025-12-29 03:40:11 +00:00: 
2025-12-29 03:40:12 +00:00:    ▲ Next.js 16.0.3
2025-12-29 03:40:12 +00:00:    - Local:         http://localhost:3000
2025-12-29 03:40:12 +00:00:    - Network:       http://10.0.1.7:3000
2025-12-29 03:40:12 +00:00: 
2025-12-29 03:40:12 +00:00:  ✓ Starting...
2025-12-29 03:40:12 +00:00: 
2025-12-29 03:40:12 +00:00: > my-v0-project@0.1.0 start
2025-12-29 03:40:12 +00:00: > next start
2025-12-29 03:40:12 +00:00: 
2025-12-29 03:40:12 +00:00:    ▲ Next.js 16.0.3
2025-12-29 03:40:12 +00:00:    - Local:         http://localhost:3000
2025-12-29 03:40:12 +00:00:    - Network:       http://10.0.1.7:3000
2025-12-29 03:40:12 +00:00: 
2025-12-29 03:40:12 +00:00:  ✓ Starting...
2025-12-29 03:40:12 +00:00: 
2025-12-29 03:40:12 +00:00: > my-v0-project@0.1.0 start
2025-12-29 03:40:12 +00:00: > next start
2025-12-29 03:40:12 +00:00: 
2025-12-29 03:40:13 +00:00:    ▲ Next.js 16.0.3
2025-12-29 03:40:13 +00:00:    - Local:         http://localhost:3000
2025-12-29 03:40:13 +00:00:    - Network:       http://10.0.1.7:3000
2025-12-29 03:40:13 +00:00: 
2025-12-29 03:40:13 +00:00:  ✓ Starting...
2025-12-29 03:46:19 +00:00: 
2025-12-29 03:46:19 +00:00: > my-v0-project@0.1.0 start
2025-12-29 03:46:19 +00:00: > next start
2025-12-29 03:46:19 +00:00: 
2025-12-29 03:46:19 +00:00:    ▲ Next.js 16.0.3
2025-12-29 03:46:19 +00:00:    - Local:         http://localhost:3000
2025-12-29 03:46:19 +00:00:    - Network:       http://10.0.1.7:3000
2025-12-29 03:46:19 +00:00: 
2025-12-29 03:46:19 +00:00:  ✓ Starting...
2025-12-29 03:46:19 +00:00:  ✓ Ready in 359ms
2025-12-29 03:46:36 +00:00: [Frontend API] Calling backend auth/callback with code
2025-12-29 03:46:36 +00:00: [Frontend API] Auth successful
2025-12-29 03:46:37 +00:00: [Frontend API] Validating token with backend
2025-12-29 03:46:37 +00:00: [Frontend API] Token validated successfully
2025-12-29 03:46:37 +00:00: [Frontend API] Validating token with backend
2025-12-29 03:46:37 +00:00: [Frontend API] Fetching chats from backend...
2025-12-29 03:46:37 +00:00: [Frontend API] Fetching credits from backend...
2025-12-29 03:46:37 +00:00: [Frontend API] Credits fetched successfully: { credits: 39035 }
2025-12-29 03:46:37 +00:00: [Frontend API] Token validated successfully
2025-12-29 03:46:37 +00:00: [Frontend API] Chats fetched successfully
2025-12-29 03:46:44 +00:00: [API] Admin verify - Token exists: true
2025-12-29 03:46:44 +00:00: [API] Admin verify response: { isAdmin: false, role: null }
2025-12-29 03:46:47 +00:00: [API] Admin verify - Token exists: true
2025-12-29 03:46:47 +00:00: [API] Admin verify response: { isAdmin: false, role: null }
2025-12-29 03:46:50 +00:00: [API] Admin verify - Token exists: true
2025-12-29 03:46:50 +00:00: [API] Admin verify response: { isAdmin: false, role: null }
2025-12-29 03:46:51 +00:00: [API] Admin verify - Token exists: true
2025-12-29 03:46:51 +00:00: [API] Admin verify response: { isAdmin: false, role: null }
2025-12-29 03:46:55 +00:00: [Frontend API] Validating token with backend
2025-12-29 03:46:55 +00:00: [Frontend API] Token validated successfully
2025-12-29 03:46:55 +00:00: [Frontend API] Validating token with backend
2025-12-29 03:46:55 +00:00: [Frontend API] Fetching credits from backend...
2025-12-29 03:46:55 +00:00: [Frontend API] Fetching chats from backend...
2025-12-29 03:46:55 +00:00: [Frontend API] Credits fetched successfully: { credits: 39035 }
2025-12-29 03:46:55 +00:00: [Frontend API] Token validated successfully
2025-12-29 03:46:55 +00:00: [Frontend API] Chats fetched successfully
2025-12-29 03:47:06 +00:00: [API] Admin verify - Token exists: true
2025-12-29 03:47:06 +00:00: [API] Admin verify response: { isAdmin: false, role: null }
2025-12-29 03:47:08 +00:00: [API] Admin verify - Token exists: true
2025-12-29 03:47:08 +00:00: [API] Admin verify response: { isAdmin: false, role: null }
2025-12-29 03:51:03 +00:00: [API] Admin verify - Token exists: true
2025-12-29 03:51:03 +00:00: [API] Admin verify response: { isAdmin: false, role: null }
2025-12-29 03:51:05 +00:00: [API] Admin verify - Token exists: true
2025-12-29 03:51:05 +00:00: [API] Admin verify response: { isAdmin: false, role: null }
2025-12-29 03:51:42 +00:00: [API] Admin verify - Token exists: true
2025-12-29 03:51:42 +00:00: [API] Admin verify response: { isAdmin: false, role: null }
2025-12-29 03:51:43 +00:00: [API] Admin verify - Token exists: true
2025-12-29 03:51:43 +00:00: [API] Admin verify response: { isAdmin: false, role: null }
2025-12-29 03:54:50 +00:00: [API] Admin verify - Token exists: true
2025-12-29 03:54:50 +00:00: [API] Admin verify response: { isAdmin: true, role: 'super_admin', email: 'admin@sita.com' }
2025-12-29 03:55:19 +00:00: [Frontend API] Validating token with backend
2025-12-29 03:55:19 +00:00: [Frontend API] Token validated successfully
2025-12-29 03:55:19 +00:00: [Frontend API] Validating token with backend
2025-12-29 03:55:19 +00:00: [Frontend API] Fetching chats from backend...
2025-12-29 03:55:19 +00:00: [Frontend API] Fetching credits from backend...
2025-12-29 03:55:19 +00:00: [Frontend API] Credits fetched successfully: { credits: 39035 }
2025-12-29 03:55:20 +00:00: [Frontend API] Token validated successfully
2025-12-29 03:55:20 +00:00: [Frontend API] Chats fetched successfully
2025-12-29 03:55:22 +00:00: [API] Admin verify - Token exists: true
2025-12-29 03:55:22 +00:00: [API] Admin verify response: { isAdmin: true, role: 'super_admin', email: 'admin@sita.com' }
2025-12-29 04:24:04 +00:00: 
2025-12-29 04:24:04 +00:00: > my-v0-project@0.1.0 start
2025-12-29 04:24:04 +00:00: > next start
2025-12-29 04:24:04 +00:00: 
2025-12-29 04:24:04 +00:00:    ▲ Next.js 16.0.3
2025-12-29 04:24:04 +00:00:    - Local:         http://localhost:3000
2025-12-29 04:24:04 +00:00:    - Network:       http://10.0.1.7:3000
2025-12-29 04:24:04 +00:00: 
2025-12-29 04:24:04 +00:00:  ✓ Starting...
2025-12-29 04:24:04 +00:00:  ✓ Ready in 440ms
2025-12-29 04:24:13 +00:00: [API] Admin verify - Token exists: true
2025-12-29 04:24:13 +00:00: [API] Admin verify response: { isAdmin: true, role: 'super_admin', email: 'admin@sita.com' }
2025-12-29 04:26:45 +00:00: [Frontend API] Calling backend auth/callback with code
2025-12-29 04:26:45 +00:00: [Frontend API] Auth successful
2025-12-29 04:26:46 +00:00: [Frontend API] Validating token with backend
2025-12-29 04:26:46 +00:00: [Frontend API] Token validated successfully
2025-12-29 04:26:46 +00:00: [Frontend API] Validating token with backend
2025-12-29 04:26:46 +00:00: [Frontend API] Fetching chats from backend...
2025-12-29 04:26:46 +00:00: [Frontend API] Fetching credits from backend...
2025-12-29 04:26:46 +00:00: [Frontend API] Credits fetched successfully: { credits: 49 }
2025-12-29 04:26:46 +00:00: [Frontend API] Chats fetched successfully
2025-12-29 04:26:47 +00:00: [Frontend API] Token validated successfully
2025-12-29 04:26:58 +00:00: [API] Admin verify - Token exists: true
2025-12-29 04:26:58 +00:00: [API] Admin verify response: { isAdmin: true, role: 'super_admin', email: 'admin@sita.com' }
2025-12-29 04:27:08 +00:00: [API] Admin verify - Token exists: true
2025-12-29 04:27:08 +00:00: [API] Admin verify response: { isAdmin: true, role: 'super_admin', email: 'admin@sita.com' }
2025-12-29 04:27:41 +00:00: [Frontend API] Validating token with backend
2025-12-29 04:27:41 +00:00: [Frontend API] Token validated successfully
2025-12-29 04:27:41 +00:00: [Frontend API] Validating token with backend
2025-12-29 04:27:41 +00:00: [Frontend API] Fetching chats from backend...
2025-12-29 04:27:41 +00:00: [Frontend API] Fetching credits from backend...
2025-12-29 04:27:41 +00:00: [Frontend API] Credits fetched successfully: { credits: 39035 }
2025-12-29 04:27:42 +00:00: [Frontend API] Token validated successfully
2025-12-29 04:27:42 +00:00: [Frontend API] Chats fetched successfully
2025-12-29 04:29:17 +00:00: [Frontend API] Validating token with backend
2025-12-29 04:29:17 +00:00: [Frontend API] Token validated successfully
2025-12-29 04:29:17 +00:00: [Frontend API] Validating token with backend
2025-12-29 04:29:17 +00:00: [Frontend API] Fetching chats from backend...
2025-12-29 04:29:18 +00:00: [Frontend API] Fetching credits from backend...
2025-12-29 04:29:18 +00:00: [Frontend API] Credits fetched successfully: { credits: 39035 }
2025-12-29 04:29:18 +00:00: [Frontend API] Token validated successfully
2025-12-29 04:29:18 +00:00: [Frontend API] Chats fetched successfully
2025-12-29 16:58:39 +00:00: [API] Admin verify - Token exists: true
2025-12-29 16:58:40 +00:00: [API] Admin verify response: { isAdmin: true, role: 'super_admin', email: 'admin@sita.com' }
2025-12-29 16:58:43 +00:00: [Frontend API] Validating token with backend
2025-12-29 16:59:12 +00:00: [Frontend API] Calling backend auth/callback with code
2025-12-29 16:59:12 +00:00: [Frontend API] Auth successful
2025-12-29 16:59:13 +00:00: [Frontend API] Validating token with backend
2025-12-29 16:59:13 +00:00: [Frontend API] Token validated successfully
2025-12-29 16:59:13 +00:00: [Frontend API] Validating token with backend
2025-12-29 16:59:13 +00:00: [Frontend API] Fetching credits from backend...
2025-12-29 16:59:13 +00:00: [Frontend API] Fetching chats from backend...
2025-12-29 16:59:13 +00:00: [Frontend API] Credits fetched successfully: { credits: 49 }
2025-12-29 16:59:13 +00:00: [Frontend API] Chats fetched successfully
2025-12-29 16:59:14 +00:00: [Frontend API] Token validated successfully
2025-12-29 16:59:20 +00:00: [API] Admin verify - Token exists: true
2025-12-29 16:59:20 +00:00: [API] Admin verify response: { isAdmin: false, role: null }
2025-12-29 16:59:22 +00:00: [API] Admin verify - Token exists: true
2025-12-29 16:59:22 +00:00: [API] Admin verify response: { isAdmin: false, role: null }
2025-12-29 16:59:24 +00:00: [Frontend API] Validating token with backend
2025-12-29 16:59:25 +00:00: [Frontend API] Token validated successfully
2025-12-29 16:59:25 +00:00: [Frontend API] Validating token with backend
2025-12-29 16:59:25 +00:00: [Frontend API] Fetching credits from backend...
2025-12-29 16:59:25 +00:00: [Frontend API] Credits fetched successfully: { credits: 49 }
2025-12-29 16:59:25 +00:00: [Frontend API] Fetching chats from backend...
2025-12-29 16:59:25 +00:00: [Frontend API] Chats fetched successfully
2025-12-29 16:59:25 +00:00: [Frontend API] Token validated successfully
2025-12-29 17:00:17 +00:00: [Frontend API] Sending chat request to backend...
2025-12-29 17:00:29 +00:00: [Frontend API] Fetching credits from backend...
2025-12-29 17:00:29 +00:00: [Frontend API] Credits fetched successfully: { credits: 48 }
2025-12-29 17:00:29 +00:00: [Frontend API] Saving chat to backend...
2025-12-29 17:00:29 +00:00: [Frontend API] Chat saved successfully
